<?xml version="1.0" encoding="utf-8" standalone="no"?>
<!--This file represents the results of running a test suite-->
<test-results name="C:\Users\Simon\Documents\GitHub\SongTagger\Output\SongTagger.Hughesdon.Tests.dll" total="34" errors="0" failures="0" not-run="0" inconclusive="0" ignored="0" skipped="0" invalid="0" date="2013-10-30" time="21:52:34">
  <environment nunit-version="2.6.3.13283" clr-version="2.0.50727.7905" os-version="Microsoft Windows NT 6.2.9200.0" platform="Win32NT" cwd="C:\Users\Simon\Documents\GitHub\SongTagger" machine-name="LENOVO" user="Simon" user-domain="LENOVO" />
  <culture-info current-culture="en-GB" current-uiculture="en-GB" />
  <test-suite type="Assembly" name="C:\Users\Simon\Documents\GitHub\SongTagger\Output\SongTagger.Hughesdon.Tests.dll" executed="True" result="Success" success="True" time="0.111" asserts="0">
    <results>
      <test-suite type="Namespace" name="SongTagger" executed="True" result="Success" success="True" time="0.094" asserts="0">
        <results>
          <test-suite type="Namespace" name="Hughesdon" executed="True" result="Success" success="True" time="0.094" asserts="0">
            <results>
              <test-suite type="Namespace" name="Tests" executed="True" result="Success" success="True" time="0.094" asserts="0">
                <results>
                  <test-suite type="TestFixture" name="RockieTrackDecoderTests" executed="True" result="Success" success="True" time="0.074" asserts="0">
                    <results>
                      <test-suite type="ParameterizedTest" name="DecodeFileTitle_KnownTitles_ExtractsPart" executed="True" result="Success" success="True" time="0.048" asserts="0">
                        <results>
                          <test-case name="SongTagger.Hughesdon.Tests.RockieTrackDecoderTests.DecodeFileTitle_KnownTitles_ExtractsPart(&quot;Livin\' On A Prayer Full Choir.mp3&quot;,&quot;Full Choir&quot;)" executed="True" result="Success" success="True" time="0.032" asserts="1" />
                          <test-case name="SongTagger.Hughesdon.Tests.RockieTrackDecoderTests.DecodeFileTitle_KnownTitles_ExtractsPart(&quot;YOU\'RE THE VOICE Bass (2012-13).mp3&quot;,&quot;Bass&quot;)" executed="True" result="Success" success="True" time="0.000" asserts="1" />
                          <test-case name="SongTagger.Hughesdon.Tests.RockieTrackDecoderTests.DecodeFileTitle_KnownTitles_ExtractsPart(&quot;HOW DEEP IS YOUR LOVE Alto (2012_13).mp3&quot;,&quot;Alto&quot;)" executed="True" result="Success" success="True" time="0.000" asserts="1" />
                          <test-case name="SongTagger.Hughesdon.Tests.RockieTrackDecoderTests.DecodeFileTitle_KnownTitles_ExtractsPart(&quot;You\'re So Vain SOPRANO.mp3&quot;,&quot;Soprano&quot;)" executed="True" result="Success" success="True" time="0.000" asserts="1" />
                          <test-case name="SongTagger.Hughesdon.Tests.RockieTrackDecoderTests.DecodeFileTitle_KnownTitles_ExtractsPart(&quot;Livin\' On A Prayer - Bass.mp3&quot;,&quot;Bass&quot;)" executed="True" result="Success" success="True" time="0.000" asserts="1" />
                          <test-case name="SongTagger.Hughesdon.Tests.RockieTrackDecoderTests.DecodeFileTitle_KnownTitles_ExtractsPart(&quot;YOU\'VE LOST THAT LOVING FEELING Medium (MEN ONLY).mp3&quot;,&quot;Middle Bass&quot;)" executed="True" result="Success" success="True" time="0.000" asserts="1" />
                          <test-case name="SongTagger.Hughesdon.Tests.RockieTrackDecoderTests.DecodeFileTitle_KnownTitles_ExtractsPart(&quot;TAKE ON ME Upper Bass (2012-13).mp3&quot;,&quot;Upper Bass&quot;)" executed="True" result="Success" success="True" time="0.000" asserts="1" />
                          <test-case name="SongTagger.Hughesdon.Tests.RockieTrackDecoderTests.DecodeFileTitle_KnownTitles_ExtractsPart(&quot;PROUD Full Choir (2012-13 New Mix Feb 13).mp3&quot;,&quot;Full Choir&quot;)" executed="True" result="Success" success="True" time="0.000" asserts="1" />
                        </results>
                      </test-suite>
                      <test-suite type="ParameterizedTest" name="DecodeFileTitle_KnownTitles_ExtractsTitle" executed="True" result="Success" success="True" time="0.007" asserts="0">
                        <results>
                          <test-case name="SongTagger.Hughesdon.Tests.RockieTrackDecoderTests.DecodeFileTitle_KnownTitles_ExtractsTitle(&quot;YOU\'RE THE VOICE Bass (2012-13).mp3&quot;,&quot;You\'re The Voice&quot;)" executed="True" result="Success" success="True" time="0.000" asserts="1" />
                          <test-case name="SongTagger.Hughesdon.Tests.RockieTrackDecoderTests.DecodeFileTitle_KnownTitles_ExtractsTitle(&quot;PROUD Full Choir (2012-13 New Mix Feb 13).mp3&quot;,&quot;Proud&quot;)" executed="True" result="Success" success="True" time="0.000" asserts="1" />
                          <test-case name="SongTagger.Hughesdon.Tests.RockieTrackDecoderTests.DecodeFileTitle_KnownTitles_ExtractsTitle(&quot;Livin\' On A Prayer Full Choir.mp3&quot;,&quot;Livin\' On A Prayer&quot;)" executed="True" result="Success" success="True" time="0.000" asserts="1" />
                          <test-case name="SongTagger.Hughesdon.Tests.RockieTrackDecoderTests.DecodeFileTitle_KnownTitles_ExtractsTitle(&quot;TAKE ON ME Upper Bass (2012-13).mp3&quot;,&quot;Take On Me&quot;)" executed="True" result="Success" success="True" time="0.000" asserts="1" />
                          <test-case name="SongTagger.Hughesdon.Tests.RockieTrackDecoderTests.DecodeFileTitle_KnownTitles_ExtractsTitle(&quot;HOW DEEP IS YOUR LOVE Alto (2012_13).mp3&quot;,&quot;How Deep Is Your Love&quot;)" executed="True" result="Success" success="True" time="0.000" asserts="1" />
                          <test-case name="SongTagger.Hughesdon.Tests.RockieTrackDecoderTests.DecodeFileTitle_KnownTitles_ExtractsTitle(&quot;You\'re So Vain SOPRANO.mp3&quot;,&quot;You\'re So Vain&quot;)" executed="True" result="Success" success="True" time="0.000" asserts="1" />
                          <test-case name="SongTagger.Hughesdon.Tests.RockieTrackDecoderTests.DecodeFileTitle_KnownTitles_ExtractsTitle(&quot;Livin\' On A Prayer - Bass.mp3&quot;,&quot;Livin\' On A Prayer&quot;)" executed="True" result="Success" success="True" time="0.000" asserts="1" />
                          <test-case name="SongTagger.Hughesdon.Tests.RockieTrackDecoderTests.DecodeFileTitle_KnownTitles_ExtractsTitle(&quot;YOU\'VE LOST THAT LOVING FEELING Medium (MEN ONLY).mp3&quot;,&quot;You\'ve Lost That Loving Feeling&quot;)" executed="True" result="Success" success="True" time="0.000" asserts="1" />
                        </results>
                      </test-suite>
                      <test-suite type="ParameterizedTest" name="DecodeFileTitle_KnownTitles_ExtractsYear" executed="True" result="Success" success="True" time="0.006" asserts="0">
                        <results>
                          <test-case name="SongTagger.Hughesdon.Tests.RockieTrackDecoderTests.DecodeFileTitle_KnownTitles_ExtractsYear(&quot;HOW DEEP IS YOUR LOVE Alto (2012_13).mp3&quot;,2012)" executed="True" result="Success" success="True" time="0.005" asserts="1" />
                          <test-case name="SongTagger.Hughesdon.Tests.RockieTrackDecoderTests.DecodeFileTitle_KnownTitles_ExtractsYear(&quot;Livin\' On A Prayer - Bass.mp3&quot;,2013)" executed="True" result="Success" success="True" time="0.000" asserts="1" />
                        </results>
                      </test-suite>
                      <test-case name="SongTagger.Hughesdon.Tests.RockieTrackDecoderTests.DecodeFileTitle_KnownTitles_SetsArtist" executed="True" result="Success" success="True" time="0.000" asserts="1" />
                    </results>
                  </test-suite>
                  <test-suite type="TestFixture" name="ShowTrackDecoderTests" executed="True" result="Success" success="True" time="0.012" asserts="0">
                    <results>
                      <test-suite type="ParameterizedTest" name="DecodeFileTitle_KnownTitles_ExtractsPart" executed="True" result="Success" success="True" time="0.005" asserts="0">
                        <results>
                          <test-case name="SongTagger.Hughesdon.Tests.ShowTrackDecoderTests.DecodeFileTitle_KnownTitles_ExtractsPart(&quot;HOW DEEP IS YOUR LOVE L-R Performance.mp3&quot;,&quot;L-R Performance&quot;)" executed="True" result="Success" success="True" time="0.002" asserts="1" />
                          <test-case name="SongTagger.Hughesdon.Tests.ShowTrackDecoderTests.DecodeFileTitle_KnownTitles_ExtractsPart(&quot;SOMETHING INSIDE SO STRONG (Stereo Show Final).mp3&quot;,&quot;Stereo&quot;)" executed="True" result="Success" success="True" time="0.000" asserts="1" />
                          <test-case name="SongTagger.Hughesdon.Tests.ShowTrackDecoderTests.DecodeFileTitle_KnownTitles_ExtractsPart(&quot;Something Inside So Strong L-R SHOW final.mp3&quot;,&quot;L-R Show&quot;)" executed="True" result="Success" success="True" time="0.000" asserts="1" />
                          <test-case name="SongTagger.Hughesdon.Tests.ShowTrackDecoderTests.DecodeFileTitle_KnownTitles_ExtractsPart(&quot;WHERE YOU LEAD L-R SHOW_08.mp3&quot;,&quot;L-R Show&quot;)" executed="True" result="Success" success="True" time="0.000" asserts="1" />
                          <test-case name="SongTagger.Hughesdon.Tests.ShowTrackDecoderTests.DecodeFileTitle_KnownTitles_ExtractsPart(&quot;Anytime You Need A Friend LR SHOW (2012-13) MP3.mp3&quot;,&quot;L-R Show&quot;)" executed="True" result="Success" success="True" time="0.000" asserts="1" />
                          <test-case name="SongTagger.Hughesdon.Tests.ShowTrackDecoderTests.DecodeFileTitle_KnownTitles_ExtractsPart(&quot;Ain\'t no Mountain SHOW L-R (WITH AD LIB).mp3&quot;,&quot;L-R Show&quot;)" executed="True" result="Success" success="True" time="0.000" asserts="1" />
                          <test-case name="SongTagger.Hughesdon.Tests.ShowTrackDecoderTests.DecodeFileTitle_KnownTitles_ExtractsPart(&quot;ANYTIME YOU NEED A FRIEND Stereo Final (2012-13).mp3&quot;,&quot;Stereo&quot;)" executed="True" result="Success" success="True" time="0.000" asserts="1" />
                        </results>
                      </test-suite>
                      <test-suite type="ParameterizedTest" name="DecodeFileTitle_KnownTitles_ExtractsTitle" executed="True" result="Success" success="True" time="0.003" asserts="0">
                        <results>
                          <test-case name="SongTagger.Hughesdon.Tests.ShowTrackDecoderTests.DecodeFileTitle_KnownTitles_ExtractsTitle(&quot;Anytime You Need A Friend LR SHOW (2012-13) MP3.mp3&quot;,&quot;Anytime You Need A Friend&quot;)" executed="True" result="Success" success="True" time="0.000" asserts="1" />
                          <test-case name="SongTagger.Hughesdon.Tests.ShowTrackDecoderTests.DecodeFileTitle_KnownTitles_ExtractsTitle(&quot;Something Inside So Strong L-R SHOW final.mp3&quot;,&quot;Something Inside So Strong&quot;)" executed="True" result="Success" success="True" time="0.000" asserts="1" />
                          <test-case name="SongTagger.Hughesdon.Tests.ShowTrackDecoderTests.DecodeFileTitle_KnownTitles_ExtractsTitle(&quot;WHERE YOU LEAD L-R SHOW_08.mp3&quot;,&quot;Where You Lead&quot;)" executed="True" result="Success" success="True" time="0.000" asserts="1" />
                          <test-case name="SongTagger.Hughesdon.Tests.ShowTrackDecoderTests.DecodeFileTitle_KnownTitles_ExtractsTitle(&quot;Ain\'t no Mountain SHOW L-R (WITH AD LIB).mp3&quot;,&quot;Ain\'t No Mountain&quot;)" executed="True" result="Success" success="True" time="0.000" asserts="1" />
                          <test-case name="SongTagger.Hughesdon.Tests.ShowTrackDecoderTests.DecodeFileTitle_KnownTitles_ExtractsTitle(&quot;ANYTIME YOU NEED A FRIEND Stereo Final (2012-13).mp3&quot;,&quot;Anytime You Need A Friend&quot;)" executed="True" result="Success" success="True" time="0.000" asserts="1" />
                        </results>
                      </test-suite>
                      <test-suite type="ParameterizedTest" name="DecodeFileTitle_KnownTitles_ExtractsYear" executed="True" result="Success" success="True" time="0.001" asserts="0">
                        <results>
                          <test-case name="SongTagger.Hughesdon.Tests.ShowTrackDecoderTests.DecodeFileTitle_KnownTitles_ExtractsYear(&quot;ANYTIME YOU NEED A FRIEND Stereo Final (2012-13).mp3&quot;,2012)" executed="True" result="Success" success="True" time="0.000" asserts="1" />
                        </results>
                      </test-suite>
                      <test-case name="SongTagger.Hughesdon.Tests.ShowTrackDecoderTests.DecodeFileTitle_KnownTitles_SetsArtist" executed="True" result="Success" success="True" time="0.000" asserts="1" />
                    </results>
                  </test-suite>
                  <test-suite type="TestFixture" name="TrackTaggerTests" executed="True" result="Success" success="True" time="0.003" asserts="0">
                    <results>
                      <test-case name="SongTagger.Hughesdon.Tests.TrackTaggerTests.GetMp3Files_EnsureAllAreMp3s" executed="True" result="Success" success="True" time="0.002" asserts="28" />
                    </results>
                  </test-suite>
                </results>
              </test-suite>
            </results>
          </test-suite>
        </results>
      </test-suite>
    </results>
  </test-suite>
</test-results>